<?xml version="1.0" encoding="UTF-8"?>
<testng-results ignored="0" total="0" passed="0" failed="0" skipped="0">
  <reporter-output>
  </reporter-output>
  <suite started-at="2018-07-06T18:59:49Z" name="Default suite" finished-at="2018-07-06T18:59:49Z" duration-ms="13">
    <groups>
    </groups>
    <test started-at="2018-07-06T18:59:49Z" name="Default test" finished-at="2018-07-06T18:59:49Z" duration-ms="13">
    </test> <!-- Default test -->
  </suite> <!-- Default suite -->
</testng-results>
